<?xml version="1.0" encoding="UTF-8"?>
<!-- Generated by org.testng.reporters.JUnitReportReporter -->
<testsuite hostname="HP" failures="0" tests="1" name="contacts.Assignment3" time="62.006" errors="0" timestamp="2021-10-15T15:57:01 IST" skipped="0">
  <testcase classname="contacts.Assignment3" name="createOrganisationTest" time="62.006"/>
  <system-out/>
</testsuite> <!-- contacts.Assignment3 -->
