<?xml version="1.0" encoding="UTF-8"?>
<!-- Generated by org.testng.reporters.JUnitReportReporter -->
<testsuite hostname="HP" failures="0" tests="1" name="Practice" time="58.759" errors="0" timestamp="2021-11-03T14:39:06 IST" skipped="0">
  <testcase classname="Practice" name="DD" time="58.759"/>
  <system-out/>
</testsuite> <!-- Practice -->
