<?xml version="1.0" encoding="UTF-8"?>
<!-- Generated by org.testng.reporters.JUnitReportReporter -->
<testsuite hostname="HP" failures="0" tests="1" name="contacts.PrakshaSir" time="109.918" errors="0" timestamp="2021-10-12T11:43:46 IST" skipped="0">
  <testcase classname="contacts.PrakshaSir" name="path" time="109.918"/>
  <system-out/>
</testsuite> <!-- contacts.PrakshaSir -->
